<?xml version="1.0" encoding="UTF-8"?>
<testng-results skipped="0" failed="2" ignored="0" total="4" passed="2">
  <reporter-output>
  </reporter-output>
  <suite name="Default suite" duration-ms="112398" started-at="2021-05-14T14:38:05Z" finished-at="2021-05-14T14:39:57Z">
    <groups>
    </groups>
    <test name="Default test" duration-ms="112398" started-at="2021-05-14T14:38:05Z" finished-at="2021-05-14T14:39:57Z">
      <class name="com.w2a.TestCases.ValidationOnCard">
        <test-method status="PASS" signature="setup()[pri:0, instance:com.w2a.TestCases.ValidationOnCard@37918c79]" name="setup" is-config="true" duration-ms="0" started-at="2021-05-14T20:08:05Z" finished-at="2021-05-14T20:08:05Z">
          <reporter-output>
          </reporter-output>
        </test-method> <!-- setup -->
        <test-method status="PASS" signature="browserLaunch()[pri:0, instance:com.w2a.TestCases.ValidationOnCard@37918c79]" name="browserLaunch" is-config="true" duration-ms="2721" started-at="2021-05-14T20:08:05Z" finished-at="2021-05-14T20:08:08Z">
          <reporter-output>
          </reporter-output>
        </test-method> <!-- browserLaunch -->
        <test-method status="PASS" signature="InvalidData_CardNumber_Kept_blank_and_moving_to_next_tab(java.util.Map)[pri:1, instance:com.w2a.TestCases.ValidationOnCard@37918c79]" name="InvalidData_CardNumber_Kept_blank_and_moving_to_next_tab" duration-ms="16831" started-at="2021-05-14T20:08:08Z" data-provider="DataforValidation_Card" finished-at="2021-05-14T20:08:25Z">
          <params>
            <param index="0">
              <value>
                <![CDATA[{InvalidData_CardNumber_Kept_blank_and_moving_to_next_tab={password=igcandidate, mobNo=8767252671, city=Dombivli, fullName=Aishwarya Mehta, email=a.c@gmail.com, username=candidate}}]]>
              </value>
            </param>
          </params>
          <reporter-output>
          </reporter-output>
        </test-method> <!-- InvalidData_CardNumber_Kept_blank_and_moving_to_next_tab -->
        <test-method status="PASS" signature="tearDown()[pri:0, instance:com.w2a.TestCases.ValidationOnCard@37918c79]" name="tearDown" is-config="true" duration-ms="750" started-at="2021-05-14T20:08:25Z" finished-at="2021-05-14T20:08:26Z">
          <reporter-output>
          </reporter-output>
        </test-method> <!-- tearDown -->
        <test-method status="PASS" signature="browserLaunch()[pri:0, instance:com.w2a.TestCases.ValidationOnCard@37918c79]" name="browserLaunch" is-config="true" duration-ms="5645" started-at="2021-05-14T20:08:26Z" finished-at="2021-05-14T20:08:31Z">
          <reporter-output>
          </reporter-output>
        </test-method> <!-- browserLaunch -->
        <test-method status="FAIL" signature="InvalidData_CardNumber_More_than_19_digits(java.util.Map)[pri:2, instance:com.w2a.TestCases.ValidationOnCard@37918c79]" name="InvalidData_CardNumber_More_than_19_digits" duration-ms="33504" started-at="2021-05-14T20:08:31Z" data-provider="DataforValidation_Card" finished-at="2021-05-14T20:09:05Z">
          <params>
            <param index="0">
              <value>
                <![CDATA[{InvalidData_CardNumber_More_than_19_digits={password=igcandidate, mobNo=8767252671, city=Dombivli, fullName=Aishwarya Mehta, email=a.c@gmail.com, cardNumber=55555555555544444444, username=candidate}}]]>
              </value>
            </param>
          </params>
          <exception class="org.openqa.selenium.ElementNotInteractableException">
            <message>
              <![CDATA[element not interactable
  (Session info: chrome=90.0.4430.212)
Build info: version: '3.141.59', revision: 'e82be7d358', time: '2018-11-14T08:17:03'
System info: host: 'AISHWARYA_M-LP', ip: '192.168.0.9', os.name: 'Windows 10', os.arch: 'amd64', os.version: '10.0', java.version: '1.8.0_211'
Driver info: org.openqa.selenium.chrome.ChromeDriver
Capabilities {acceptInsecureCerts: false, browserName: chrome, browserVersion: 90.0.4430.212, chrome: {chromedriverVersion: 89.0.4389.23 (61b08ee2c5002..., userDataDir: C:\Users\AISHWA~1.MEH\AppDa...}, goog:chromeOptions: {debuggerAddress: localhost:58109}, javascriptEnabled: true, networkConnectionEnabled: false, pageLoadStrategy: normal, platform: WINDOWS, platformName: WINDOWS, proxy: Proxy(), setWindowRect: true, strictFileInteractability: false, timeouts: {implicit: 0, pageLoad: 300000, script: 30000}, unhandledPromptBehavior: dismiss and notify, webauthn:extension:largeBlob: true, webauthn:virtualAuthenticators: true}
Session ID: 156f65ab07a9181e2e30de3f2c9f2356]]>
            </message>
            <full-stacktrace>
              <![CDATA[org.openqa.selenium.ElementNotInteractableException: element not interactable
  (Session info: chrome=90.0.4430.212)
Build info: version: '3.141.59', revision: 'e82be7d358', time: '2018-11-14T08:17:03'
System info: host: 'AISHWARYA_M-LP', ip: '192.168.0.9', os.name: 'Windows 10', os.arch: 'amd64', os.version: '10.0', java.version: '1.8.0_211'
Driver info: org.openqa.selenium.chrome.ChromeDriver
Capabilities {acceptInsecureCerts: false, browserName: chrome, browserVersion: 90.0.4430.212, chrome: {chromedriverVersion: 89.0.4389.23 (61b08ee2c5002..., userDataDir: C:\Users\AISHWA~1.MEH\AppDa...}, goog:chromeOptions: {debuggerAddress: localhost:58109}, javascriptEnabled: true, networkConnectionEnabled: false, pageLoadStrategy: normal, platform: WINDOWS, platformName: WINDOWS, proxy: Proxy(), setWindowRect: true, strictFileInteractability: false, timeouts: {implicit: 0, pageLoad: 300000, script: 30000}, unhandledPromptBehavior: dismiss and notify, webauthn:extension:largeBlob: true, webauthn:virtualAuthenticators: true}
Session ID: 156f65ab07a9181e2e30de3f2c9f2356
	at sun.reflect.NativeConstructorAccessorImpl.newInstance0(Native Method)
	at sun.reflect.NativeConstructorAccessorImpl.newInstance(Unknown Source)
	at sun.reflect.DelegatingConstructorAccessorImpl.newInstance(Unknown Source)
	at java.lang.reflect.Constructor.newInstance(Unknown Source)
	at org.openqa.selenium.remote.http.W3CHttpResponseCodec.createException(W3CHttpResponseCodec.java:187)
	at org.openqa.selenium.remote.http.W3CHttpResponseCodec.decode(W3CHttpResponseCodec.java:122)
	at org.openqa.selenium.remote.http.W3CHttpResponseCodec.decode(W3CHttpResponseCodec.java:49)
	at org.openqa.selenium.remote.HttpCommandExecutor.execute(HttpCommandExecutor.java:158)
	at org.openqa.selenium.remote.service.DriverCommandExecutor.execute(DriverCommandExecutor.java:83)
	at org.openqa.selenium.remote.RemoteWebDriver.execute(RemoteWebDriver.java:552)
	at org.openqa.selenium.remote.RemoteWebElement.execute(RemoteWebElement.java:285)
	at org.openqa.selenium.remote.RemoteWebElement.clear(RemoteWebElement.java:124)
	at com.w2a.BaseClass.SeleniumActions.type(SeleniumActions.java:24)
	at com.w2a.TestCases.ValidationOnCard.InvalidData_CardNumber_More_than_19_digits(ValidationOnCard.java:29)
	at sun.reflect.NativeMethodAccessorImpl.invoke0(Native Method)
	at sun.reflect.NativeMethodAccessorImpl.invoke(Unknown Source)
	at sun.reflect.DelegatingMethodAccessorImpl.invoke(Unknown Source)
	at java.lang.reflect.Method.invoke(Unknown Source)
	at org.testng.internal.MethodInvocationHelper.invokeMethod(MethodInvocationHelper.java:108)
	at org.testng.internal.Invoker.invokeMethod(Invoker.java:661)
	at org.testng.internal.Invoker.invokeTestMethod(Invoker.java:869)
	at org.testng.internal.Invoker.invokeTestMethods(Invoker.java:1193)
	at org.testng.internal.TestMethodWorker.invokeTestMethods(TestMethodWorker.java:126)
	at org.testng.internal.TestMethodWorker.run(TestMethodWorker.java:109)
	at org.testng.TestRunner.privateRun(TestRunner.java:744)
	at org.testng.TestRunner.run(TestRunner.java:602)
	at org.testng.SuiteRunner.runTest(SuiteRunner.java:380)
	at org.testng.SuiteRunner.runSequentially(SuiteRunner.java:375)
	at org.testng.SuiteRunner.privateRun(SuiteRunner.java:340)
	at org.testng.SuiteRunner.run(SuiteRunner.java:289)
	at org.testng.SuiteRunnerWorker.runSuite(SuiteRunnerWorker.java:52)
	at org.testng.SuiteRunnerWorker.run(SuiteRunnerWorker.java:86)
	at org.testng.TestNG.runSuitesSequentially(TestNG.java:1301)
	at org.testng.TestNG.runSuitesLocally(TestNG.java:1226)
	at org.testng.TestNG.runSuites(TestNG.java:1144)
	at org.testng.TestNG.run(TestNG.java:1115)
	at org.testng.remote.AbstractRemoteTestNG.run(AbstractRemoteTestNG.java:115)
	at org.testng.remote.RemoteTestNG.initAndRun(RemoteTestNG.java:251)
	at org.testng.remote.RemoteTestNG.main(RemoteTestNG.java:77)
]]>
            </full-stacktrace>
          </exception> <!-- org.openqa.selenium.ElementNotInteractableException -->
          <reporter-output>
          </reporter-output>
        </test-method> <!-- InvalidData_CardNumber_More_than_19_digits -->
        <test-method status="PASS" signature="tearDown()[pri:0, instance:com.w2a.TestCases.ValidationOnCard@37918c79]" name="tearDown" is-config="true" duration-ms="819" started-at="2021-05-14T20:09:05Z" finished-at="2021-05-14T20:09:06Z">
          <reporter-output>
          </reporter-output>
        </test-method> <!-- tearDown -->
        <test-method status="PASS" signature="browserLaunch()[pri:0, instance:com.w2a.TestCases.ValidationOnCard@37918c79]" name="browserLaunch" is-config="true" duration-ms="3073" started-at="2021-05-14T20:09:06Z" finished-at="2021-05-14T20:09:09Z">
          <reporter-output>
          </reporter-output>
        </test-method> <!-- browserLaunch -->
        <test-method status="FAIL" signature="InvalidData_CardNumber_More_than_13_digits(java.util.Map)[pri:3, instance:com.w2a.TestCases.ValidationOnCard@37918c79]" name="InvalidData_CardNumber_More_than_13_digits" duration-ms="18360" started-at="2021-05-14T20:09:09Z" data-provider="DataforValidation_Card" finished-at="2021-05-14T20:09:27Z">
          <params>
            <param index="0">
              <value>
                <![CDATA[{InvalidData_CardNumber_More_than_13_digits={password=igcandidate, mobNo=8767252671, city=Dombivli, fullName=Aishwarya Mehta, email=a.c@gmail.com, cardNumber=5555555, username=candidate}}]]>
              </value>
            </param>
          </params>
          <exception class="java.lang.AssertionError">
            <message>
              <![CDATA[expected [true] but found [false]]]>
            </message>
            <full-stacktrace>
              <![CDATA[java.lang.AssertionError: expected [true] but found [false]
	at org.testng.Assert.fail(Assert.java:93)
	at org.testng.Assert.failNotEquals(Assert.java:512)
	at org.testng.Assert.assertTrue(Assert.java:41)
	at org.testng.Assert.assertTrue(Assert.java:51)
	at com.w2a.TestCases.ValidationOnCard.InvalidData_CardNumber_More_than_13_digits(ValidationOnCard.java:67)
	at sun.reflect.NativeMethodAccessorImpl.invoke0(Native Method)
	at sun.reflect.NativeMethodAccessorImpl.invoke(Unknown Source)
	at sun.reflect.DelegatingMethodAccessorImpl.invoke(Unknown Source)
	at java.lang.reflect.Method.invoke(Unknown Source)
	at org.testng.internal.MethodInvocationHelper.invokeMethod(MethodInvocationHelper.java:108)
	at org.testng.internal.Invoker.invokeMethod(Invoker.java:661)
	at org.testng.internal.Invoker.invokeTestMethod(Invoker.java:869)
	at org.testng.internal.Invoker.invokeTestMethods(Invoker.java:1193)
	at org.testng.internal.TestMethodWorker.invokeTestMethods(TestMethodWorker.java:126)
	at org.testng.internal.TestMethodWorker.run(TestMethodWorker.java:109)
	at org.testng.TestRunner.privateRun(TestRunner.java:744)
	at org.testng.TestRunner.run(TestRunner.java:602)
	at org.testng.SuiteRunner.runTest(SuiteRunner.java:380)
	at org.testng.SuiteRunner.runSequentially(SuiteRunner.java:375)
	at org.testng.SuiteRunner.privateRun(SuiteRunner.java:340)
	at org.testng.SuiteRunner.run(SuiteRunner.java:289)
	at org.testng.SuiteRunnerWorker.runSuite(SuiteRunnerWorker.java:52)
	at org.testng.SuiteRunnerWorker.run(SuiteRunnerWorker.java:86)
	at org.testng.TestNG.runSuitesSequentially(TestNG.java:1301)
	at org.testng.TestNG.runSuitesLocally(TestNG.java:1226)
	at org.testng.TestNG.runSuites(TestNG.java:1144)
	at org.testng.TestNG.run(TestNG.java:1115)
	at org.testng.remote.AbstractRemoteTestNG.run(AbstractRemoteTestNG.java:115)
	at org.testng.remote.RemoteTestNG.initAndRun(RemoteTestNG.java:251)
	at org.testng.remote.RemoteTestNG.main(RemoteTestNG.java:77)
]]>
            </full-stacktrace>
          </exception> <!-- java.lang.AssertionError -->
          <reporter-output>
          </reporter-output>
        </test-method> <!-- InvalidData_CardNumber_More_than_13_digits -->
        <test-method status="PASS" signature="tearDown()[pri:0, instance:com.w2a.TestCases.ValidationOnCard@37918c79]" name="tearDown" is-config="true" duration-ms="816" started-at="2021-05-14T20:09:27Z" finished-at="2021-05-14T20:09:28Z">
          <reporter-output>
          </reporter-output>
        </test-method> <!-- tearDown -->
        <test-method status="PASS" signature="browserLaunch()[pri:0, instance:com.w2a.TestCases.ValidationOnCard@37918c79]" name="browserLaunch" is-config="true" duration-ms="11992" started-at="2021-05-14T20:09:28Z" finished-at="2021-05-14T20:09:40Z">
          <reporter-output>
          </reporter-output>
        </test-method> <!-- browserLaunch -->
        <test-method status="PASS" signature="validData(java.util.Map)[pri:4, instance:com.w2a.TestCases.ValidationOnCard@37918c79]" name="validData" duration-ms="16415" started-at="2021-05-14T20:09:40Z" data-provider="DataforValidation_Card" finished-at="2021-05-14T20:09:56Z">
          <params>
            <param index="0">
              <value>
                <![CDATA[{validData={password=igcandidate, mobNo=8767252671, CVV=345, city=Dombivli, fullName=Aishwarya Mehta, email=a.c@gmail.com, cardNumber=5555555555554444, username=candidate, MM/YY=12/21}}]]>
              </value>
            </param>
          </params>
          <reporter-output>
          </reporter-output>
        </test-method> <!-- validData -->
        <test-method status="PASS" signature="tearDown()[pri:0, instance:com.w2a.TestCases.ValidationOnCard@37918c79]" name="tearDown" is-config="true" duration-ms="759" started-at="2021-05-14T20:09:56Z" finished-at="2021-05-14T20:09:57Z">
          <reporter-output>
          </reporter-output>
        </test-method> <!-- tearDown -->
      </class> <!-- com.w2a.TestCases.ValidationOnCard -->
    </test> <!-- Default test -->
  </suite> <!-- Default suite -->
</testng-results>
